<?xml version="1.0" encoding="UTF-8"?>
<testsuite name="com.ciber01.calculator01.CalculatorApplicationTests" tests="2" skipped="0" failures="0" errors="0" timestamp="2022-04-26T17:06:21" hostname="DEBDOCKER-12" time="1.298">
  <properties/>
  <testcase name="testSum()" classname="com.ciber01.calculator01.CalculatorApplicationTests" time="1.276"/>
  <testcase name="contextLoads()" classname="com.ciber01.calculator01.CalculatorApplicationTests" time="0.012"/>
  <system-out><![CDATA[19:06:11.773 [Test worker] DEBUG org.springframework.test.context.BootstrapUtils - Instantiating CacheAwareContextLoaderDelegate from class [org.springframework.test.context.cache.DefaultCacheAwareContextLoaderDelegate]
19:06:11.845 [Test worker] DEBUG org.springframework.test.context.BootstrapUtils - Instantiating BootstrapContext using constructor [public org.springframework.test.context.support.DefaultBootstrapContext(java.lang.Class,org.springframework.test.context.CacheAwareContextLoaderDelegate)]
19:06:12.041 [Test worker] DEBUG org.springframework.test.context.BootstrapUtils - Instantiating TestContextBootstrapper for test class [com.ciber01.calculator01.CalculatorApplicationTests] from class [org.springframework.boot.test.context.SpringBootTestContextBootstrapper]
19:06:12.086 [Test worker] INFO org.springframework.boot.test.context.SpringBootTestContextBootstrapper - Neither @ContextConfiguration nor @ContextHierarchy found for test class [com.ciber01.calculator01.CalculatorApplicationTests], using SpringBootContextLoader
19:06:12.121 [Test worker] DEBUG org.springframework.test.context.support.AbstractContextLoader - Did not detect default resource location for test class [com.ciber01.calculator01.CalculatorApplicationTests]: class path resource [com/ciber01/calculator01/CalculatorApplicationTests-context.xml] does not exist
19:06:12.125 [Test worker] DEBUG org.springframework.test.context.support.AbstractContextLoader - Did not detect default resource location for test class [com.ciber01.calculator01.CalculatorApplicationTests]: class path resource [com/ciber01/calculator01/CalculatorApplicationTestsContext.groovy] does not exist
19:06:12.126 [Test worker] INFO org.springframework.test.context.support.AbstractContextLoader - Could not detect default resource locations for test class [com.ciber01.calculator01.CalculatorApplicationTests]: no resource found for suffixes {-context.xml, Context.groovy}.
19:06:12.135 [Test worker] INFO org.springframework.test.context.support.AnnotationConfigContextLoaderUtils - Could not detect default configuration classes for test class [com.ciber01.calculator01.CalculatorApplicationTests]: CalculatorApplicationTests does not declare any static, non-private, non-final, nested classes annotated with @Configuration.
19:06:12.337 [Test worker] DEBUG org.springframework.test.context.support.ActiveProfilesUtils - Could not find an 'annotation declaring class' for annotation type [org.springframework.test.context.ActiveProfiles] and class [com.ciber01.calculator01.CalculatorApplicationTests]
19:06:12.689 [Test worker] DEBUG org.springframework.context.annotation.ClassPathScanningCandidateComponentProvider - Identified candidate component class: file [/home/administrador/projects/calculator01/build/classes/java/main/com/ciber01/calculator01/Calculator01Application.class]
19:06:12.725 [Test worker] INFO org.springframework.boot.test.context.SpringBootTestContextBootstrapper - Found @SpringBootConfiguration com.ciber01.calculator01.Calculator01Application for test class com.ciber01.calculator01.CalculatorApplicationTests
19:06:13.207 [Test worker] DEBUG org.springframework.boot.test.context.SpringBootTestContextBootstrapper - @TestExecutionListeners is not present for class [com.ciber01.calculator01.CalculatorApplicationTests]: using defaults.
19:06:13.209 [Test worker] INFO org.springframework.boot.test.context.SpringBootTestContextBootstrapper - Loaded default TestExecutionListener class names from location [META-INF/spring.factories]: [org.springframework.boot.test.autoconfigure.restdocs.RestDocsTestExecutionListener, org.springframework.boot.test.autoconfigure.web.client.MockRestServiceServerResetTestExecutionListener, org.springframework.boot.test.autoconfigure.web.servlet.MockMvcPrintOnlyOnFailureTestExecutionListener, org.springframework.boot.test.autoconfigure.web.servlet.WebDriverTestExecutionListener, org.springframework.boot.test.autoconfigure.webservices.client.MockWebServiceServerTestExecutionListener, org.springframework.boot.test.mock.mockito.MockitoTestExecutionListener, org.springframework.boot.test.mock.mockito.ResetMocksTestExecutionListener, org.springframework.test.context.web.ServletTestExecutionListener, org.springframework.test.context.support.DirtiesContextBeforeModesTestExecutionListener, org.springframework.test.context.event.ApplicationEventsTestExecutionListener, org.springframework.test.context.support.DependencyInjectionTestExecutionListener, org.springframework.test.context.support.DirtiesContextTestExecutionListener, org.springframework.test.context.transaction.TransactionalTestExecutionListener, org.springframework.test.context.jdbc.SqlScriptsTestExecutionListener, org.springframework.test.context.event.EventPublishingTestExecutionListener]
19:06:13.259 [Test worker] DEBUG org.springframework.boot.test.context.SpringBootTestContextBootstrapper - Skipping candidate TestExecutionListener [org.springframework.test.context.transaction.TransactionalTestExecutionListener] due to a missing dependency. Specify custom listener classes or make the default listener classes and their required dependencies available. Offending class: [org/springframework/transaction/interceptor/TransactionAttributeSource]
19:06:13.260 [Test worker] DEBUG org.springframework.boot.test.context.SpringBootTestContextBootstrapper - Skipping candidate TestExecutionListener [org.springframework.test.context.jdbc.SqlScriptsTestExecutionListener] due to a missing dependency. Specify custom listener classes or make the default listener classes and their required dependencies available. Offending class: [org/springframework/transaction/interceptor/TransactionAttribute]
19:06:13.268 [Test worker] INFO org.springframework.boot.test.context.SpringBootTestContextBootstrapper - Using TestExecutionListeners: [org.springframework.test.context.web.ServletTestExecutionListener@67a3394c, org.springframework.test.context.support.DirtiesContextBeforeModesTestExecutionListener@34e4fb39, org.springframework.test.context.event.ApplicationEventsTestExecutionListener@36fe83d, org.springframework.boot.test.mock.mockito.MockitoTestExecutionListener@310f8a05, org.springframework.boot.test.autoconfigure.SpringBootDependencyInjectionTestExecutionListener@4f98ac31, org.springframework.test.context.support.DirtiesContextTestExecutionListener@5cb6abc8, org.springframework.test.context.event.EventPublishingTestExecutionListener@20e48e63, org.springframework.boot.test.autoconfigure.restdocs.RestDocsTestExecutionListener@6d7677d8, org.springframework.boot.test.autoconfigure.web.client.MockRestServiceServerResetTestExecutionListener@6705b763, org.springframework.boot.test.autoconfigure.web.servlet.MockMvcPrintOnlyOnFailureTestExecutionListener@e04b8a0, org.springframework.boot.test.autoconfigure.web.servlet.WebDriverTestExecutionListener@a97a895, org.springframework.boot.test.autoconfigure.webservices.client.MockWebServiceServerTestExecutionListener@5401c6a8, org.springframework.boot.test.mock.mockito.ResetMocksTestExecutionListener@1ef5cde4]
19:06:13.277 [Test worker] DEBUG org.springframework.test.context.support.AbstractDirtiesContextTestExecutionListener - Before test class: context [DefaultTestContext@3e0704e2 testClass = CalculatorApplicationTests, testInstance = [null], testMethod = [null], testException = [null], mergedContextConfiguration = [WebMergedContextConfiguration@14d298d6 testClass = CalculatorApplicationTests, locations = '{}', classes = '{class com.ciber01.calculator01.Calculator01Application}', contextInitializerClasses = '[]', activeProfiles = '{}', propertySourceLocations = '{}', propertySourceProperties = '{org.springframework.boot.test.context.SpringBootTestContextBootstrapper=true}', contextCustomizers = set[org.springframework.boot.test.autoconfigure.actuate.metrics.MetricsExportContextCustomizerFactory$DisableMetricExportContextCustomizer@79e10fb4, org.springframework.boot.test.autoconfigure.properties.PropertyMappingContextCustomizer@0, org.springframework.boot.test.autoconfigure.web.servlet.WebDriverContextCustomizerFactory$Customizer@5b742bc8, org.springframework.boot.test.context.filter.ExcludeFilterContextCustomizer@3db6dd52, org.springframework.boot.test.json.DuplicateJsonObjectContextCustomizerFactory$DuplicateJsonObjectContextCustomizer@6f96dd64, org.springframework.boot.test.mock.mockito.MockitoContextCustomizer@0, org.springframework.boot.test.web.client.TestRestTemplateContextCustomizer@424f02b8, org.springframework.boot.test.context.SpringBootTestArgs@1, org.springframework.boot.test.context.SpringBootTestWebEnvironment@15ac59c2], resourceBasePath = 'src/main/webapp', contextLoader = 'org.springframework.boot.test.context.SpringBootContextLoader', parent = [null]], attributes = map['org.springframework.test.context.web.ServletTestExecutionListener.activateListener' -> true]], class annotated with @DirtiesContext [false] with mode [null].

  .   ____          _            __ _ _
 /\\ / ___'_ __ _ _(_)_ __  __ _ \ \ \ \
( ( )\___ | '_ | '_| | '_ \/ _` | \ \ \ \
 \\/  ___)| |_)| | | | | || (_| |  ) ) ) )
  '  |____| .__|_| |_|_| |_\__, | / / / /
 =========|_|==============|___/=/_/_/_/
 :: Spring Boot ::                (v2.6.7)

2022-04-26 19:06:14.648  INFO 34895 --- [    Test worker] c.c.c.CalculatorApplicationTests         : Starting CalculatorApplicationTests using Java 11.0.14 on DEBDOCKER-12 with PID 34895 (started by root in /home/administrador/projects/calculator01)
2022-04-26 19:06:14.657  INFO 34895 --- [    Test worker] c.c.c.CalculatorApplicationTests         : No active profile set, falling back to 1 default profile: "default"
2022-04-26 19:06:21.295  INFO 34895 --- [    Test worker] c.c.c.CalculatorApplicationTests         : Started CalculatorApplicationTests in 7.834 seconds (JVM running for 13.109)
]]></system-out>
  <system-err><![CDATA[]]></system-err>
</testsuite>
