<?xml version="1.0" encoding="UTF-8"?>
<testsuite name="com.ciber01.calculator01.CalculatorApplicationTests" tests="2" skipped="0" failures="0" errors="0" timestamp="2022-04-26T16:09:27" hostname="DEBDOCKER-12" time="0.752">
  <properties/>
  <testcase name="testSum()" classname="com.ciber01.calculator01.CalculatorApplicationTests" time="0.733"/>
  <testcase name="contextLoads()" classname="com.ciber01.calculator01.CalculatorApplicationTests" time="0.012"/>
  <system-out><![CDATA[18:09:21.776 [Test worker] DEBUG org.springframework.test.context.BootstrapUtils - Instantiating CacheAwareContextLoaderDelegate from class [org.springframework.test.context.cache.DefaultCacheAwareContextLoaderDelegate]
18:09:21.804 [Test worker] DEBUG org.springframework.test.context.BootstrapUtils - Instantiating BootstrapContext using constructor [public org.springframework.test.context.support.DefaultBootstrapContext(java.lang.Class,org.springframework.test.context.CacheAwareContextLoaderDelegate)]
18:09:21.901 [Test worker] DEBUG org.springframework.test.context.BootstrapUtils - Instantiating TestContextBootstrapper for test class [com.ciber01.calculator01.CalculatorApplicationTests] from class [org.springframework.boot.test.context.SpringBootTestContextBootstrapper]
18:09:21.933 [Test worker] INFO org.springframework.boot.test.context.SpringBootTestContextBootstrapper - Neither @ContextConfiguration nor @ContextHierarchy found for test class [com.ciber01.calculator01.CalculatorApplicationTests], using SpringBootContextLoader
18:09:21.939 [Test worker] DEBUG org.springframework.test.context.support.AbstractContextLoader - Did not detect default resource location for test class [com.ciber01.calculator01.CalculatorApplicationTests]: class path resource [com/ciber01/calculator01/CalculatorApplicationTests-context.xml] does not exist
18:09:21.945 [Test worker] DEBUG org.springframework.test.context.support.AbstractContextLoader - Did not detect default resource location for test class [com.ciber01.calculator01.CalculatorApplicationTests]: class path resource [com/ciber01/calculator01/CalculatorApplicationTestsContext.groovy] does not exist
18:09:21.947 [Test worker] INFO org.springframework.test.context.support.AbstractContextLoader - Could not detect default resource locations for test class [com.ciber01.calculator01.CalculatorApplicationTests]: no resource found for suffixes {-context.xml, Context.groovy}.
18:09:21.952 [Test worker] INFO org.springframework.test.context.support.AnnotationConfigContextLoaderUtils - Could not detect default configuration classes for test class [com.ciber01.calculator01.CalculatorApplicationTests]: CalculatorApplicationTests does not declare any static, non-private, non-final, nested classes annotated with @Configuration.
18:09:22.060 [Test worker] DEBUG org.springframework.test.context.support.ActiveProfilesUtils - Could not find an 'annotation declaring class' for annotation type [org.springframework.test.context.ActiveProfiles] and class [com.ciber01.calculator01.CalculatorApplicationTests]
18:09:22.200 [Test worker] DEBUG org.springframework.context.annotation.ClassPathScanningCandidateComponentProvider - Identified candidate component class: file [/home/administrador/projects/calculator01/build/classes/java/main/com/ciber01/calculator01/Calculator01Application.class]
18:09:22.224 [Test worker] INFO org.springframework.boot.test.context.SpringBootTestContextBootstrapper - Found @SpringBootConfiguration com.ciber01.calculator01.Calculator01Application for test class com.ciber01.calculator01.CalculatorApplicationTests
18:09:22.419 [Test worker] DEBUG org.springframework.boot.test.context.SpringBootTestContextBootstrapper - @TestExecutionListeners is not present for class [com.ciber01.calculator01.CalculatorApplicationTests]: using defaults.
18:09:22.421 [Test worker] INFO org.springframework.boot.test.context.SpringBootTestContextBootstrapper - Loaded default TestExecutionListener class names from location [META-INF/spring.factories]: [org.springframework.boot.test.autoconfigure.restdocs.RestDocsTestExecutionListener, org.springframework.boot.test.autoconfigure.web.client.MockRestServiceServerResetTestExecutionListener, org.springframework.boot.test.autoconfigure.web.servlet.MockMvcPrintOnlyOnFailureTestExecutionListener, org.springframework.boot.test.autoconfigure.web.servlet.WebDriverTestExecutionListener, org.springframework.boot.test.autoconfigure.webservices.client.MockWebServiceServerTestExecutionListener, org.springframework.boot.test.mock.mockito.MockitoTestExecutionListener, org.springframework.boot.test.mock.mockito.ResetMocksTestExecutionListener, org.springframework.test.context.web.ServletTestExecutionListener, org.springframework.test.context.support.DirtiesContextBeforeModesTestExecutionListener, org.springframework.test.context.event.ApplicationEventsTestExecutionListener, org.springframework.test.context.support.DependencyInjectionTestExecutionListener, org.springframework.test.context.support.DirtiesContextTestExecutionListener, org.springframework.test.context.transaction.TransactionalTestExecutionListener, org.springframework.test.context.jdbc.SqlScriptsTestExecutionListener, org.springframework.test.context.event.EventPublishingTestExecutionListener]
18:09:22.445 [Test worker] DEBUG org.springframework.boot.test.context.SpringBootTestContextBootstrapper - Skipping candidate TestExecutionListener [org.springframework.test.context.transaction.TransactionalTestExecutionListener] due to a missing dependency. Specify custom listener classes or make the default listener classes and their required dependencies available. Offending class: [org/springframework/transaction/interceptor/TransactionAttributeSource]
18:09:22.451 [Test worker] DEBUG org.springframework.boot.test.context.SpringBootTestContextBootstrapper - Skipping candidate TestExecutionListener [org.springframework.test.context.jdbc.SqlScriptsTestExecutionListener] due to a missing dependency. Specify custom listener classes or make the default listener classes and their required dependencies available. Offending class: [org/springframework/transaction/interceptor/TransactionAttribute]
18:09:22.454 [Test worker] INFO org.springframework.boot.test.context.SpringBootTestContextBootstrapper - Using TestExecutionListeners: [org.springframework.test.context.web.ServletTestExecutionListener@7a527389, org.springframework.test.context.support.DirtiesContextBeforeModesTestExecutionListener@485a3466, org.springframework.test.context.event.ApplicationEventsTestExecutionListener@25748410, org.springframework.boot.test.mock.mockito.MockitoTestExecutionListener@2b43529a, org.springframework.boot.test.autoconfigure.SpringBootDependencyInjectionTestExecutionListener@4264b240, org.springframework.test.context.support.DirtiesContextTestExecutionListener@5b04476e, org.springframework.test.context.event.EventPublishingTestExecutionListener@5ad10c1a, org.springframework.boot.test.autoconfigure.restdocs.RestDocsTestExecutionListener@6bb75258, org.springframework.boot.test.autoconfigure.web.client.MockRestServiceServerResetTestExecutionListener@c260bdc, org.springframework.boot.test.autoconfigure.web.servlet.MockMvcPrintOnlyOnFailureTestExecutionListener@75e01201, org.springframework.boot.test.autoconfigure.web.servlet.WebDriverTestExecutionListener@2783717b, org.springframework.boot.test.autoconfigure.webservices.client.MockWebServiceServerTestExecutionListener@76f7d241, org.springframework.boot.test.mock.mockito.ResetMocksTestExecutionListener@4a335fa8]
18:09:22.458 [Test worker] DEBUG org.springframework.test.context.support.AbstractDirtiesContextTestExecutionListener - Before test class: context [DefaultTestContext@269f4bad testClass = CalculatorApplicationTests, testInstance = [null], testMethod = [null], testException = [null], mergedContextConfiguration = [WebMergedContextConfiguration@5ed731d0 testClass = CalculatorApplicationTests, locations = '{}', classes = '{class com.ciber01.calculator01.Calculator01Application}', contextInitializerClasses = '[]', activeProfiles = '{}', propertySourceLocations = '{}', propertySourceProperties = '{org.springframework.boot.test.context.SpringBootTestContextBootstrapper=true}', contextCustomizers = set[org.springframework.boot.test.autoconfigure.actuate.metrics.MetricsExportContextCustomizerFactory$DisableMetricExportContextCustomizer@26ceffa8, org.springframework.boot.test.autoconfigure.properties.PropertyMappingContextCustomizer@0, org.springframework.boot.test.autoconfigure.web.servlet.WebDriverContextCustomizerFactory$Customizer@7a362b6b, org.springframework.boot.test.context.filter.ExcludeFilterContextCustomizer@512baff6, org.springframework.boot.test.json.DuplicateJsonObjectContextCustomizerFactory$DuplicateJsonObjectContextCustomizer@1800a575, org.springframework.boot.test.mock.mockito.MockitoContextCustomizer@0, org.springframework.boot.test.web.client.TestRestTemplateContextCustomizer@56928307, org.springframework.boot.test.context.SpringBootTestArgs@1, org.springframework.boot.test.context.SpringBootTestWebEnvironment@76ed1b7c], resourceBasePath = 'src/main/webapp', contextLoader = 'org.springframework.boot.test.context.SpringBootContextLoader', parent = [null]], attributes = map['org.springframework.test.context.web.ServletTestExecutionListener.activateListener' -> true]], class annotated with @DirtiesContext [false] with mode [null].

  .   ____          _            __ _ _
 /\\ / ___'_ __ _ _(_)_ __  __ _ \ \ \ \
( ( )\___ | '_ | '_| | '_ \/ _` | \ \ \ \
 \\/  ___)| |_)| | | | | || (_| |  ) ) ) )
  '  |____| .__|_| |_|_| |_\__, | / / / /
 =========|_|==============|___/=/_/_/_/
 :: Spring Boot ::                (v2.6.7)

2022-04-26 18:09:23.236  INFO 13559 --- [    Test worker] c.c.c.CalculatorApplicationTests         : Starting CalculatorApplicationTests using Java 11.0.14 on DEBDOCKER-12 with PID 13559 (started by root in /home/administrador/projects/calculator01)
2022-04-26 18:09:23.243  INFO 13559 --- [    Test worker] c.c.c.CalculatorApplicationTests         : No active profile set, falling back to 1 default profile: "default"
2022-04-26 18:09:27.368  INFO 13559 --- [    Test worker] c.c.c.CalculatorApplicationTests         : Started CalculatorApplicationTests in 4.809 seconds (JVM running for 7.548)
]]></system-out>
  <system-err><![CDATA[]]></system-err>
</testsuite>
